2023-11-22 12:32:12.914 [info] Extension host with pid 1194 started
2023-11-22 12:32:12.915 [error] Error: EEXIST: file already exists, open '/home/jwn/.vscode-server/data/User/workspaceStorage/11df726e31d7d8ecb843b591363c3a62/vscode.lock'
2023-11-22 12:32:12.958 [info] Lock '/home/jwn/.vscode-server/data/User/workspaceStorage/11df726e31d7d8ecb843b591363c3a62/vscode.lock': Could not acquire lock, checking if the file is stale.
2023-11-22 12:32:13.004 [info] Lock '/home/jwn/.vscode-server/data/User/workspaceStorage/11df726e31d7d8ecb843b591363c3a62/vscode.lock': The pid 1190 appears to be gone.
2023-11-22 12:32:13.005 [info] Lock '/home/jwn/.vscode-server/data/User/workspaceStorage/11df726e31d7d8ecb843b591363c3a62/vscode.lock': Deleting a stale lock.
2023-11-22 12:32:13.022 [info] Lock '/home/jwn/.vscode-server/data/User/workspaceStorage/11df726e31d7d8ecb843b591363c3a62/vscode.lock': Lock acquired.
2023-11-22 12:32:13.163 [info] ExtensionService#_doActivateExtension vscode.git-base, startup: false, activationEvent: '*', root cause: vscode.git
2023-11-22 12:32:13.170 [info] ExtensionService#_doActivateExtension ms-python.python, startup: false, activationEvent: 'onLanguage:python'
2023-11-22 12:32:13.172 [info] ExtensionService#_doActivateExtension vscode.emmet, startup: false, activationEvent: 'onLanguage'
2023-11-22 12:32:15.414 [info] ExtensionService#_doActivateExtension vscode.git, startup: false, activationEvent: '*'
2023-11-22 12:32:15.415 [info] ExtensionService#_doActivateExtension vscode.github, startup: false, activationEvent: '*'
2023-11-22 12:32:16.837 [info] Eager extensions activated
2023-11-22 12:32:16.838 [info] ExtensionService#_doActivateExtension vscode.debug-auto-launch, startup: false, activationEvent: 'onStartupFinished'
2023-11-22 12:32:16.840 [info] ExtensionService#_doActivateExtension vscode.merge-conflict, startup: false, activationEvent: 'onStartupFinished'
2023-11-22 12:32:17.243 [info] ExtensionService#_doActivateExtension ms-python.vscode-pylance, startup: false, activationEvent: 'onLanguage:python'
2023-11-22 13:04:56.322 [info] ExtensionService#_doActivateExtension ms-vscode.makefile-tools, startup: false, activationEvent: 'workspaceContains:**/makefile,**/Makefile,**/GNUmakefile'
2023-11-22 13:04:57.091 [error] TypeError: e.clear is not a function
	at _.cleanUp (/home/jwn/.vscode-server/extensions/ms-python.python-2023.20.0/out/client/extension.js:2:2412859)
	at _.shutdown (/home/jwn/.vscode-server/extensions/ms-python.python-2023.20.0/out/client/extension.js:2:2412035)
	at _.stop (/home/jwn/.vscode-server/extensions/ms-python.python-2023.20.0/out/client/extension.js:2:2411463)
	at _.stop (/home/jwn/.vscode-server/extensions/ms-python.python-2023.20.0/out/client/extension.js:2:2577851)
	at Object.stop (/home/jwn/.vscode-server/extensions/ms-python.python-2023.20.0/out/client/extension.js:2:52694)
	at Object.stop (/home/jwn/.vscode-server/extensions/ms-python.vscode-pylance-2023.11.10/dist/extension.bundle.js:1:167359)
	at _0x245439.<computed>._stopClient (/home/jwn/.vscode-server/extensions/ms-python.vscode-pylance-2023.11.10/dist/extension.bundle.js:1:110667)
	at _0x245439.<computed>._createNewRequest (/home/jwn/.vscode-server/extensions/ms-python.vscode-pylance-2023.11.10/dist/extension.bundle.js:1:109857)
	at process.processTicksAndRejections (node:internal/process/task_queues:95:5)
	at async _0x245439.<computed>._enqueueRequestAndWaitForRun (/home/jwn/.vscode-server/extensions/ms-python.vscode-pylance-2023.11.10/dist/extension.bundle.js:1:109555)
	at async _0x245439.<computed>.restartClient (/home/jwn/.vscode-server/extensions/ms-python.vscode-pylance-2023.11.10/dist/extension.bundle.js:1:109159)
2023-11-22 13:12:37.586 [info] ExtensionService#_doActivateExtension vscode.npm, startup: false, activationEvent: 'onTerminalQuickFixRequest:ms-vscode.npm-command'
