2023-11-23 12:52:47.086 [info] Extension host with pid 1088 started
2023-11-23 12:52:47.086 [error] Error: EEXIST: file already exists, open '/home/jwn/.vscode-server/data/User/workspaceStorage/11df726e31d7d8ecb843b591363c3a62/vscode.lock'
2023-11-23 12:52:47.138 [info] Lock '/home/jwn/.vscode-server/data/User/workspaceStorage/11df726e31d7d8ecb843b591363c3a62/vscode.lock': Could not acquire lock, checking if the file is stale.
2023-11-23 12:52:47.193 [info] Lock '/home/jwn/.vscode-server/data/User/workspaceStorage/11df726e31d7d8ecb843b591363c3a62/vscode.lock': The pid 1252 appears to be gone.
2023-11-23 12:52:47.194 [info] Lock '/home/jwn/.vscode-server/data/User/workspaceStorage/11df726e31d7d8ecb843b591363c3a62/vscode.lock': Deleting a stale lock.
2023-11-23 12:52:47.360 [info] ExtensionService#_doActivateExtension vscode.tunnel-forwarding, startup: false, activationEvent: 'onTunnel'
2023-11-23 12:52:47.370 [info] ExtensionService#_doActivateExtension vscode.git-base, startup: false, activationEvent: '*', root cause: vscode.git
2023-11-23 12:52:47.373 [info] ExtensionService#_doActivateExtension ms-python.python, startup: false, activationEvent: 'onLanguage:python'
2023-11-23 12:52:47.376 [info] ExtensionService#_doActivateExtension vscode.emmet, startup: false, activationEvent: 'onLanguage'
2023-11-23 12:52:49.718 [info] Lock '/home/jwn/.vscode-server/data/User/workspaceStorage/11df726e31d7d8ecb843b591363c3a62/vscode.lock': Lock acquired.
2023-11-23 12:52:50.399 [info] ExtensionService#_doActivateExtension vscode.git, startup: false, activationEvent: '*'
2023-11-23 12:52:50.401 [info] ExtensionService#_doActivateExtension vscode.github, startup: false, activationEvent: '*'
2023-11-23 12:52:53.859 [info] ExtensionService#_doActivateExtension ms-python.vscode-pylance, startup: false, activationEvent: 'onLanguage:python'
2023-11-23 12:52:56.238 [info] ExtensionService#_doActivateExtension ms-vscode.makefile-tools, startup: true, activationEvent: 'workspaceContains:**/makefile,**/Makefile,**/GNUmakefile'
2023-11-23 12:52:59.623 [info] ExtensionService#_doActivateExtension vscode.debug-auto-launch, startup: false, activationEvent: 'onStartupFinished'
2023-11-23 12:52:59.625 [info] ExtensionService#_doActivateExtension vscode.merge-conflict, startup: false, activationEvent: 'onStartupFinished'
2023-11-23 12:52:59.806 [info] Eager extensions activated
2023-11-23 12:55:27.359 [info] ExtensionService#_doActivateExtension vscode.npm, startup: false, activationEvent: 'onTerminalQuickFixRequest:ms-vscode.npm-command'
2023-11-23 13:07:36.080 [warning] [Decorations] CAPPING events from decorations provider vscode.git 10000
2023-11-23 13:07:44.670 [warning] [Decorations] CAPPING events from decorations provider vscode.git 10000
