2023-11-22 07:49:06.047 [info] Extension host with pid 1266 started
2023-11-22 07:49:06.047 [error] Error: EEXIST: file already exists, open '/home/jwn/.vscode-server/data/User/workspaceStorage/11df726e31d7d8ecb843b591363c3a62/vscode.lock'
2023-11-22 07:49:06.074 [info] Lock '/home/jwn/.vscode-server/data/User/workspaceStorage/11df726e31d7d8ecb843b591363c3a62/vscode.lock': Could not acquire lock, checking if the file is stale.
2023-11-22 07:49:06.117 [info] Lock '/home/jwn/.vscode-server/data/User/workspaceStorage/11df726e31d7d8ecb843b591363c3a62/vscode.lock': The pid 18578 appears to be gone.
2023-11-22 07:49:06.118 [info] Lock '/home/jwn/.vscode-server/data/User/workspaceStorage/11df726e31d7d8ecb843b591363c3a62/vscode.lock': Deleting a stale lock.
2023-11-22 07:49:06.132 [info] Lock '/home/jwn/.vscode-server/data/User/workspaceStorage/11df726e31d7d8ecb843b591363c3a62/vscode.lock': Lock acquired.
2023-11-22 07:49:06.244 [info] ExtensionService#_doActivateExtension vscode.emmet, startup: false, activationEvent: 'onLanguage'
2023-11-22 07:49:06.249 [info] ExtensionService#_doActivateExtension ms-python.python, startup: false, activationEvent: 'onLanguage:python'
2023-11-22 07:49:06.251 [info] ExtensionService#_doActivateExtension vscode.git-base, startup: false, activationEvent: '*', root cause: vscode.git
2023-11-22 07:49:08.360 [info] ExtensionService#_doActivateExtension vscode.git, startup: false, activationEvent: '*'
2023-11-22 07:49:08.362 [info] ExtensionService#_doActivateExtension vscode.github, startup: false, activationEvent: '*'
2023-11-22 07:49:09.745 [info] Eager extensions activated
2023-11-22 07:49:09.747 [info] ExtensionService#_doActivateExtension vscode.debug-auto-launch, startup: false, activationEvent: 'onStartupFinished'
2023-11-22 07:49:09.748 [info] ExtensionService#_doActivateExtension vscode.merge-conflict, startup: false, activationEvent: 'onStartupFinished'
2023-11-22 07:49:10.103 [info] ExtensionService#_doActivateExtension ms-python.vscode-pylance, startup: false, activationEvent: 'onLanguage:python'
2023-11-22 07:52:10.408 [info] ExtensionService#_doActivateExtension vscode.npm, startup: false, activationEvent: 'onTerminalQuickFixRequest:ms-vscode.npm-command'
2023-11-22 08:38:28.138 [error] [ms-python.python] provider FAILED
2023-11-22 08:38:28.139 [error] TypeError: Cannot read properties of undefined (reading 'data')
	at /home/jwn/.vscode-server/extensions/ms-python.vscode-pylance-2023.11.10/dist/extension.bundle.js:1:133005
	at _0x9ba18e (/home/jwn/.vscode-server/extensions/ms-python.vscode-pylance-2023.11.10/dist/extension.bundle.js:1:144766)
	at async ie.provideCompletionItems (/home/jwn/.vscode-server/bin/1a5daa3a0231a0fbba4f14db7ec463cf99d7768e/out/vs/workbench/api/node/extensionHostProcess.js:127:52281)
2023-11-22 08:49:41.228 [error] [ms-python.python] provider FAILED
2023-11-22 08:49:41.229 [error] TypeError: Cannot read properties of undefined (reading 'data')
	at /home/jwn/.vscode-server/extensions/ms-python.vscode-pylance-2023.11.10/dist/extension.bundle.js:1:133005
	at _0x9ba18e (/home/jwn/.vscode-server/extensions/ms-python.vscode-pylance-2023.11.10/dist/extension.bundle.js:1:144766)
	at async ie.provideCompletionItems (/home/jwn/.vscode-server/bin/1a5daa3a0231a0fbba4f14db7ec463cf99d7768e/out/vs/workbench/api/node/extensionHostProcess.js:127:52281)
2023-11-22 09:02:59.534 [error] [ms-python.python] provider FAILED
2023-11-22 09:02:59.535 [error] TypeError: Cannot read properties of undefined (reading 'data')
	at /home/jwn/.vscode-server/extensions/ms-python.vscode-pylance-2023.11.10/dist/extension.bundle.js:1:133005
	at _0x9ba18e (/home/jwn/.vscode-server/extensions/ms-python.vscode-pylance-2023.11.10/dist/extension.bundle.js:1:144766)
	at async ie.provideCompletionItems (/home/jwn/.vscode-server/bin/1a5daa3a0231a0fbba4f14db7ec463cf99d7768e/out/vs/workbench/api/node/extensionHostProcess.js:127:52281)
2023-11-22 09:08:26.325 [error] [ms-python.python] provider FAILED
2023-11-22 09:08:26.325 [error] TypeError: Cannot read properties of undefined (reading 'data')
	at /home/jwn/.vscode-server/extensions/ms-python.vscode-pylance-2023.11.10/dist/extension.bundle.js:1:133005
	at _0x9ba18e (/home/jwn/.vscode-server/extensions/ms-python.vscode-pylance-2023.11.10/dist/extension.bundle.js:1:144766)
	at async ie.provideCompletionItems (/home/jwn/.vscode-server/bin/1a5daa3a0231a0fbba4f14db7ec463cf99d7768e/out/vs/workbench/api/node/extensionHostProcess.js:127:52281)
2023-11-22 09:17:07.130 [error] [ms-python.python] provider FAILED
2023-11-22 09:17:07.131 [error] TypeError: Cannot read properties of undefined (reading 'data')
	at /home/jwn/.vscode-server/extensions/ms-python.vscode-pylance-2023.11.10/dist/extension.bundle.js:1:133005
	at _0x9ba18e (/home/jwn/.vscode-server/extensions/ms-python.vscode-pylance-2023.11.10/dist/extension.bundle.js:1:144766)
	at async ie.provideCompletionItems (/home/jwn/.vscode-server/bin/1a5daa3a0231a0fbba4f14db7ec463cf99d7768e/out/vs/workbench/api/node/extensionHostProcess.js:127:52281)
2023-11-22 09:37:06.052 [error] [ms-python.python] provider FAILED
2023-11-22 09:37:06.052 [error] TypeError: Cannot read properties of undefined (reading 'data')
	at /home/jwn/.vscode-server/extensions/ms-python.vscode-pylance-2023.11.10/dist/extension.bundle.js:1:133005
	at _0x9ba18e (/home/jwn/.vscode-server/extensions/ms-python.vscode-pylance-2023.11.10/dist/extension.bundle.js:1:144766)
	at async ie.provideCompletionItems (/home/jwn/.vscode-server/bin/1a5daa3a0231a0fbba4f14db7ec463cf99d7768e/out/vs/workbench/api/node/extensionHostProcess.js:127:52281)
2023-11-22 09:42:06.572 [error] [ms-python.python] provider FAILED
2023-11-22 09:42:06.572 [error] TypeError: Cannot read properties of undefined (reading 'data')
	at /home/jwn/.vscode-server/extensions/ms-python.vscode-pylance-2023.11.10/dist/extension.bundle.js:1:133005
	at _0x9ba18e (/home/jwn/.vscode-server/extensions/ms-python.vscode-pylance-2023.11.10/dist/extension.bundle.js:1:144766)
	at async ie.provideCompletionItems (/home/jwn/.vscode-server/bin/1a5daa3a0231a0fbba4f14db7ec463cf99d7768e/out/vs/workbench/api/node/extensionHostProcess.js:127:52281)
2023-11-22 10:48:49.227 [info] ExtensionService#_doActivateExtension vscode.extension-editing, startup: false, activationEvent: 'onLanguage:markdown'
2023-11-22 10:48:49.230 [info] ExtensionService#_doActivateExtension vscode.markdown-language-features, startup: false, activationEvent: 'onLanguage:markdown'
2023-11-22 10:48:50.724 [info] ExtensionService#_doActivateExtension vscode.markdown-math, startup: false, activationEvent: 'api', root cause: vscode.markdown-language-features
