2023-11-23 12:52:56.428 [info] Log level: Info
2023-11-23 12:52:56.428 [info] Validating found git in: "git"
2023-11-23 12:52:56.429 [info] Using git "2.39.2" from "git"
2023-11-23 12:52:56.429 [info] > git rev-parse --show-toplevel [77ms]
2023-11-23 12:52:56.430 [info] fatal: not a git repository (or any of the parent directories): .git
2023-11-23 12:52:56.430 [info] > git rev-parse --show-toplevel [27ms]
2023-11-23 12:52:56.430 [info] fatal: not a git repository (or any of the parent directories): .git
2023-11-23 12:52:56.431 [info] > git rev-parse --show-toplevel [2649ms]
2023-11-23 12:52:56.431 [info] fatal: not a git repository (or any of the parent directories): .git
2023-11-23 12:52:56.431 [info] > git rev-parse --show-toplevel [5ms]
2023-11-23 12:52:56.432 [info] fatal: not a git repository (or any of the parent directories): .git
2023-11-23 12:52:56.432 [info] > git rev-parse --show-toplevel [5ms]
2023-11-23 12:52:56.432 [info] fatal: not a git repository (or any of the parent directories): .git
2023-11-23 12:52:56.433 [info] > git rev-parse --show-toplevel [6ms]
2023-11-23 12:52:56.433 [info] fatal: not a git repository (or any of the parent directories): .git
2023-11-23 12:52:56.433 [info] > git rev-parse --show-toplevel [6ms]
2023-11-23 12:52:56.434 [info] fatal: not a git repository (or any of the parent directories): .git
2023-11-23 12:53:02.334 [info] > git rev-parse --show-toplevel [22ms]
2023-11-23 12:53:02.335 [info] fatal: not a git repository (or any of the parent directories): .git
2023-11-23 12:55:24.203 [info] > git rev-parse --show-toplevel [7ms]
2023-11-23 12:55:24.203 [info] fatal: not a git repository (or any of the parent directories): .git
2023-11-23 12:55:40.341 [info] > git rev-parse --show-toplevel [5ms]
2023-11-23 12:55:40.341 [info] fatal: not a git repository (or any of the parent directories): .git
2023-11-23 12:57:13.592 [info] > git rev-parse --show-toplevel [6ms]
2023-11-23 12:57:13.592 [info] fatal: not a git repository (or any of the parent directories): .git
2023-11-23 13:02:27.757 [info] > git rev-parse --show-toplevel [5ms]
2023-11-23 13:02:27.757 [info] fatal: not a git repository (or any of the parent directories): .git
2023-11-23 13:02:30.483 [info] > git rev-parse --show-toplevel [6ms]
2023-11-23 13:02:30.484 [info] fatal: not a git repository (or any of the parent directories): .git
2023-11-23 13:03:30.274 [info] > git rev-parse --show-toplevel [3ms]
2023-11-23 13:03:30.274 [info] fatal: not a git repository (or any of the parent directories): .git
2023-11-23 13:07:25.523 [info] > git init -b main [38ms]
2023-11-23 13:07:25.544 [info] > git rev-parse --show-toplevel [4ms]
2023-11-23 13:07:25.571 [info] > git rev-parse --git-dir --git-common-dir [7ms]
2023-11-23 13:07:25.625 [info] Open repository: /home/jwn
2023-11-23 13:07:25.702 [info] No remotes found in the git config file.
2023-11-23 13:07:25.709 [info] > git config --get commit.template [35ms]
2023-11-23 13:07:25.727 [info] > git for-each-ref --format=%(refname)%00%(upstream:short)%00%(objectname)%00%(upstream:track)%00%(upstream:remotename)%00%(upstream:remoteref) refs/heads/main refs/remotes/main [27ms]
2023-11-23 13:07:26.307 [info] > git show --textconv :clearhat.py [48ms]
2023-11-23 13:07:26.455 [info] > git ls-files --stage -- /home/jwn/clearhat.py [160ms]
2023-11-23 13:07:26.571 [info] > git status -z -uall [823ms] (cancelled)
2023-11-23 13:07:26.623 [info] > git check-ignore -v -z --stdin [60ms]
2023-11-23 13:07:43.519 [info] > git config --get commit.template [96ms]
2023-11-23 13:07:43.606 [info] No remotes found in the git config file.
2023-11-23 13:07:43.668 [info] > git for-each-ref --format=%(refname)%00%(upstream:short)%00%(objectname)%00%(upstream:track)%00%(upstream:remotename)%00%(upstream:remoteref) refs/heads/main refs/remotes/main [62ms]
2023-11-23 13:07:51.991 [info] > git status -z -uall [8264ms] (cancelled)
2023-11-23 13:07:52.946 [info] > git check-ignore -v -z --stdin [9ms]
2023-11-23 13:08:00.593 [info] > git ls-files --stage -- /home/jwn/clearhat.py [7ms]
2023-11-23 13:08:00.651 [info] > git show --textconv :clearhat.py [8ms]
2023-11-23 13:08:13.663 [info] > git check-ignore -v -z --stdin [8ms]
2023-11-23 13:08:14.304 [info] > git check-ignore -v -z --stdin [9ms]
2023-11-23 13:08:15.376 [info] > git check-ignore -v -z --stdin [7ms]
2023-11-23 13:08:16.574 [info] > git check-ignore -v -z --stdin [4ms]
2023-11-23 13:08:18.845 [info] > git add -A -- . [53192ms]
2023-11-23 13:08:20.217 [info] > git -c user.useConfigOnly=true commit --quiet --allow-empty-message --file - --allow-empty-message [1340ms]
2023-11-23 13:08:20.217 [info] Author identity unknown

*** Please tell me who you are.

Run

  git config --global user.email "you@example.com"
  git config --global user.name "Your Name"

to set your account's default identity.
Omit --global to set the identity only in this repository.

fatal: no email was given and auto-detection is disabled
2023-11-23 13:08:20.253 [info] > git config --get-all user.name [5ms]
2023-11-23 13:08:20.318 [info] No remotes found in the git config file.
2023-11-23 13:08:20.351 [info] > git config --get commit.template [67ms]
2023-11-23 13:08:20.356 [info] > git for-each-ref --format=%(refname)%00%(upstream:short)%00%(objectname)%00%(upstream:track)%00%(upstream:remotename)%00%(upstream:remoteref) refs/heads/main refs/remotes/main [39ms]
2023-11-23 13:08:20.392 [info] > git ls-files --stage -- /home/jwn/clearhat.py [42ms]
2023-11-23 13:08:20.459 [info] > git cat-file -s 10ab0a799ca84ed67526bc7b38a5175d37bcfe80 [6ms]
2023-11-23 13:08:20.529 [info] > git show --textconv :clearhat.py [25ms]
2023-11-23 13:08:26.259 [info] > git status -z -uall [5872ms] (cancelled)
2023-11-23 13:08:28.719 [info] > git ls-files --stage -- /home/jwn/clearhat.py [17ms]
2023-11-23 13:08:28.764 [info] > git cat-file -s 10ab0a799ca84ed67526bc7b38a5175d37bcfe80 [4ms]
2023-11-23 13:08:28.833 [info] > git show --textconv :clearhat.py [17ms]
2023-11-23 13:08:40.974 [info] > git -c user.useConfigOnly=true commit --quiet --allow-empty-message --file - [104ms]
2023-11-23 13:08:40.974 [info] Author identity unknown

*** Please tell me who you are.

Run

  git config --global user.email "you@example.com"
  git config --global user.name "Your Name"

to set your account's default identity.
Omit --global to set the identity only in this repository.

fatal: no email was given and auto-detection is disabled
2023-11-23 13:08:41.010 [info] > git config --get-all user.name [4ms]
2023-11-23 13:08:41.077 [info] No remotes found in the git config file.
2023-11-23 13:08:41.080 [info] > git config --get commit.template [36ms]
2023-11-23 13:08:41.081 [info] > git for-each-ref --format=%(refname)%00%(upstream:short)%00%(objectname)%00%(upstream:track)%00%(upstream:remotename)%00%(upstream:remoteref) refs/heads/main refs/remotes/main [5ms]
2023-11-23 13:08:48.608 [info] > git status -z -uall [7495ms] (cancelled)
2023-11-23 13:08:56.634 [info] > git ls-files --stage -- /home/jwn/clearhat.py [18ms]
2023-11-23 13:08:56.671 [info] > git cat-file -s 10ab0a799ca84ed67526bc7b38a5175d37bcfe80 [5ms]
2023-11-23 13:08:56.818 [info] > git show --textconv :clearhat.py [15ms]
2023-11-23 13:10:59.761 [info] > git -c user.useConfigOnly=true commit --quiet --allow-empty-message --file - [97ms]
2023-11-23 13:10:59.762 [info] Author identity unknown

*** Please tell me who you are.

Run

  git config --global user.email "you@example.com"
  git config --global user.name "Your Name"

to set your account's default identity.
Omit --global to set the identity only in this repository.

fatal: no email was given and auto-detection is disabled
2023-11-23 13:10:59.789 [info] > git config --get-all user.name [3ms]
2023-11-23 13:10:59.842 [info] No remotes found in the git config file.
2023-11-23 13:10:59.845 [info] > git config --get commit.template [30ms]
2023-11-23 13:10:59.847 [info] > git for-each-ref --format=%(refname)%00%(upstream:short)%00%(objectname)%00%(upstream:track)%00%(upstream:remotename)%00%(upstream:remoteref) refs/heads/main refs/remotes/main [6ms]
2023-11-23 13:11:06.824 [info] > git status -z -uall [6953ms] (cancelled)
2023-11-23 13:11:19.142 [info] > git ls-files --stage -- /home/jwn/clearhat.py [20ms]
2023-11-23 13:11:19.182 [info] > git cat-file -s 10ab0a799ca84ed67526bc7b38a5175d37bcfe80 [4ms]
2023-11-23 13:11:19.246 [info] > git show --textconv :clearhat.py [17ms]
2023-11-23 13:13:00.670 [info] > git -c user.useConfigOnly=true commit --quiet --allow-empty-message --file - [267ms]
2023-11-23 13:13:00.700 [info] > git config --get commit.template [7ms]
2023-11-23 13:13:00.768 [info] No remotes found in the git config file.
2023-11-23 13:13:00.770 [info] > git config --get commit.template [34ms]
2023-11-23 13:13:00.778 [info] > git for-each-ref --format=%(refname)%00%(upstream:short)%00%(objectname)%00%(upstream:track)%00%(upstream:remotename)%00%(upstream:remoteref) refs/heads/main refs/remotes/main [11ms]
2023-11-23 13:13:01.134 [info] > git status -z -uall [331ms]
2023-11-23 13:13:02.663 [info] > git check-ignore -v -z --stdin [298ms]
2023-11-23 13:13:02.884 [info] > git ls-files --stage -- /home/jwn/clearhat.py [27ms]
2023-11-23 13:13:02.916 [info] > git cat-file -s 10ab0a799ca84ed67526bc7b38a5175d37bcfe80 [7ms]
2023-11-23 13:13:02.991 [info] > git show --textconv :clearhat.py [26ms]
2023-11-23 13:13:39.833 [info] > git remote add jwn-python-ubuntu https://github.com/Snixert/jwn.git [18ms]
2023-11-23 13:13:39.890 [info] > git config --get commit.template [31ms]
2023-11-23 13:13:39.899 [info] > git for-each-ref --format=%(refname)%00%(upstream:short)%00%(objectname)%00%(upstream:track)%00%(upstream:remotename)%00%(upstream:remoteref) refs/heads/main refs/remotes/main [12ms]
2023-11-23 13:13:40.162 [info] > git status -z -uall [239ms]
2023-11-23 13:13:41.016 [info] > git fetch jwn-python-ubuntu [820ms]
2023-11-23 13:13:41.016 [info] Auto packing the repository in background for optimum performance.
See "git help gc" for manual housekeeping.
2023-11-23 13:13:41.074 [info] > git config --get commit.template [32ms]
2023-11-23 13:13:41.081 [info] > git for-each-ref --format=%(refname)%00%(upstream:short)%00%(objectname)%00%(upstream:track)%00%(upstream:remotename)%00%(upstream:remoteref) refs/heads/main refs/remotes/main [10ms]
2023-11-23 13:13:41.328 [info] > git status -z -uall [222ms]
2023-11-23 13:13:41.506 [info] > git config --get commit.template [37ms]
2023-11-23 13:13:41.518 [info] > git for-each-ref --format=%(refname)%00%(upstream:short)%00%(objectname)%00%(upstream:track)%00%(upstream:remotename)%00%(upstream:remoteref) refs/heads/main refs/remotes/main [16ms]
2023-11-23 13:13:41.619 [info] > git ls-files --stage -- /home/jwn/clearhat.py [27ms]
2023-11-23 13:13:41.665 [info] > git cat-file -s 10ab0a799ca84ed67526bc7b38a5175d37bcfe80 [18ms]
2023-11-23 13:13:41.745 [info] > git show --textconv :clearhat.py [35ms]
2023-11-23 13:13:41.863 [info] > git status -z -uall [321ms]
2023-11-23 13:13:45.262 [info] > git config --get commit.template [30ms]
2023-11-23 13:13:45.270 [info] > git for-each-ref --format=%(refname)%00%(upstream:short)%00%(objectname)%00%(upstream:track)%00%(upstream:remotename)%00%(upstream:remoteref) refs/heads/main refs/remotes/main [10ms]
2023-11-23 13:13:45.526 [info] > git status -z -uall [234ms]
2023-11-23 13:13:50.597 [info] > git config --get commit.template [33ms]
2023-11-23 13:13:50.611 [info] > git for-each-ref --format=%(refname)%00%(upstream:short)%00%(objectname)%00%(upstream:track)%00%(upstream:remotename)%00%(upstream:remoteref) refs/heads/main refs/remotes/main [17ms]
2023-11-23 13:13:50.876 [info] > git status -z -uall [241ms]
2023-11-23 13:13:51.720 [info] > git check-ignore -v -z --stdin [27ms]
2023-11-23 13:13:55.946 [info] > git config --get commit.template [30ms]
2023-11-23 13:13:55.953 [info] > git for-each-ref --format=%(refname)%00%(upstream:short)%00%(objectname)%00%(upstream:track)%00%(upstream:remotename)%00%(upstream:remoteref) refs/heads/main refs/remotes/main [10ms]
2023-11-23 13:13:56.214 [info] > git status -z -uall [239ms]
2023-11-23 13:14:00.412 [info] > git fetch [834ms]
2023-11-23 13:14:00.413 [info] Auto packing the repository in background for optimum performance.
See "git help gc" for manual housekeeping.
2023-11-23 13:14:00.465 [info] > git config --get commit.template [28ms]
2023-11-23 13:14:00.472 [info] > git for-each-ref --format=%(refname)%00%(upstream:short)%00%(objectname)%00%(upstream:track)%00%(upstream:remotename)%00%(upstream:remoteref) refs/heads/main refs/remotes/main [10ms]
2023-11-23 13:14:00.736 [info] > git status -z -uall [240ms]
2023-11-23 13:14:01.000 [info] > git ls-files --stage -- /home/jwn/clearhat.py [29ms]
2023-11-23 13:14:01.027 [info] > git cat-file -s 10ab0a799ca84ed67526bc7b38a5175d37bcfe80 [7ms]
2023-11-23 13:14:01.088 [info] > git show --textconv :clearhat.py [21ms]
2023-11-23 13:14:01.276 [info] > git config --get commit.template [29ms]
2023-11-23 13:14:01.284 [info] > git for-each-ref --format=%(refname)%00%(upstream:short)%00%(objectname)%00%(upstream:track)%00%(upstream:remotename)%00%(upstream:remoteref) refs/heads/main refs/remotes/main [10ms]
2023-11-23 13:14:01.529 [info] > git check-ignore -v -z --stdin [56ms]
2023-11-23 13:14:01.567 [info] > git status -z -uall [263ms]
2023-11-23 13:14:06.630 [info] > git config --get commit.template [30ms]
2023-11-23 13:14:06.646 [info] > git for-each-ref --format=%(refname)%00%(upstream:short)%00%(objectname)%00%(upstream:track)%00%(upstream:remotename)%00%(upstream:remoteref) refs/heads/main refs/remotes/main [18ms]
2023-11-23 13:14:06.924 [info] > git status -z -uall [256ms]
