2023-11-21 12:53:43.300 [info] Log level: Info
2023-11-21 12:53:43.300 [info] Validating found git in: "git"
2023-11-21 12:53:43.300 [info] Using git "2.39.2" from "git"
2023-11-21 12:53:43.300 [info] > git rev-parse --show-toplevel [6ms]
2023-11-21 12:53:43.301 [info] fatal: not a git repository (or any of the parent directories): .git
2023-11-21 12:53:43.301 [info] > git rev-parse --show-toplevel [4ms]
2023-11-21 12:53:43.301 [info] fatal: not a git repository (or any of the parent directories): .git
2023-11-21 12:53:43.301 [info] > git rev-parse --show-toplevel [4ms]
2023-11-21 12:53:43.301 [info] fatal: not a git repository (or any of the parent directories): .git
2023-11-21 12:53:43.301 [info] > git rev-parse --show-toplevel [7ms]
2023-11-21 12:53:43.301 [info] fatal: not a git repository (or any of the parent directories): .git
2023-11-21 12:53:47.979 [info] > git rev-parse --show-toplevel [4ms]
2023-11-21 12:53:47.979 [info] fatal: not a git repository (or any of the parent directories): .git
2023-11-21 12:54:19.800 [info] > git rev-parse --show-toplevel [10ms]
2023-11-21 12:54:19.801 [info] fatal: not a git repository (or any of the parent directories): .git
2023-11-21 12:54:57.014 [info] > git rev-parse --show-toplevel [6ms]
2023-11-21 12:54:57.014 [info] fatal: not a git repository (or any of the parent directories): .git
2023-11-21 12:55:35.244 [info] > git rev-parse --show-toplevel [3ms]
2023-11-21 12:55:35.245 [info] fatal: not a git repository (or any of the parent directories): .git
2023-11-21 12:55:50.137 [info] > git rev-parse --show-toplevel [4ms]
2023-11-21 12:55:50.137 [info] fatal: not a git repository (or any of the parent directories): .git
2023-11-21 12:57:07.794 [info] > git rev-parse --show-toplevel [5ms]
2023-11-21 12:57:07.794 [info] fatal: not a git repository (or any of the parent directories): .git
2023-11-21 12:57:16.994 [info] > git rev-parse --show-toplevel [7ms]
2023-11-21 12:57:16.996 [info] fatal: not a git repository (or any of the parent directories): .git
2023-11-21 12:57:42.432 [info] > git rev-parse --show-toplevel [4ms]
2023-11-21 12:57:42.432 [info] fatal: not a git repository (or any of the parent directories): .git
2023-11-21 12:57:42.565 [info] > git rev-parse --show-toplevel [3ms]
2023-11-21 12:57:42.566 [info] fatal: not a git repository (or any of the parent directories): .git
2023-11-21 12:57:48.797 [info] > git rev-parse --show-toplevel [5ms]
2023-11-21 12:57:48.797 [info] fatal: not a git repository (or any of the parent directories): .git
