No current configuration is defined in the workspace state. Assuming 'Default'.
No target defined in the workspace state. Assuming 'Default'.
Dropping various extension output files at /home/jwn/.vscode-server/data/User/workspaceStorage/11df726e31d7d8ecb843b591363c3a62/ms-vscode.makefile-tools
Logging level: Normal
Configurations cached at /home/jwn/.vscode-server/data/User/workspaceStorage/11df726e31d7d8ecb843b591363c3a62/ms-vscode.makefile-tools/configurationCache.log
No path to the makefile is defined in the settings file.
No folder path to the makefile is defined in the settings file.
Always pre-configure: false
Dry-run switches: '--always-make', '--keep-going', '--print-directory'
No current launch configuration is set in the workspace state.
Default launch configuration: MIMode = undefined,
                    miDebuggerPath = undefined,
                    stopAtEntry = undefined,
                    symbolSearchPath = undefined
Configure on open: true
Configure on edit: true
Configure after command: true
Only .PHONY targets: false
Save before build or configure: true
Build before launch: true
Clear output before build: true
Ignore directory commands: true
compile_commands.json path: null
Deduced command 'make ' for configuration "Default"
Saving opened files before build.
Generating configuration cache with command: 'make --dry-run --always-make --keep-going --print-directory'
Writing the dry-run output: /home/jwn/.vscode-server/data/User/workspaceStorage/11df726e31d7d8ecb843b591363c3a62/ms-vscode.makefile-tools/dryrun.log
Generating dry-run elapsed time: 0.053
Preprocessing: "/home/jwn/.vscode-server/data/User/workspaceStorage/11df726e31d7d8ecb843b591363c3a62/ms-vscode.makefile-tools/dryrun.log"
Preprocess elapsed time: 0
Parsing for IntelliSense.
Updating the CppTools IntelliSense Configuration Provider.
Parsing dry-run output for CppTools Custom Configuration Provider.
Parsing for IntelliSense elapsed time: 0.018
Parsing for launch targets.
No launch configurations have been detected.
Complete list of launch targets: 
Parsing for launch targets elapsed time: 0.036
Generating parse content for build targets.
Generating targets information with command: 'make all --print-data-base --no-builtin-variables --no-builtin-rules --question'
Writing the dry-run output: /home/jwn/.vscode-server/data/User/workspaceStorage/11df726e31d7d8ecb843b591363c3a62/ms-vscode.makefile-tools/targets.log
Generating dry-run elapsed time: 0.179
Parsing for build targets from: "/home/jwn/.vscode-server/data/User/workspaceStorage/11df726e31d7d8ecb843b591363c3a62/ms-vscode.makefile-tools/targets.log"
Found the following 4 build targets defined in the makefile: all;build-manfile;clearhat-executable;install-service
Complete list of build targets: all;build-manfile;clearhat-executable;install-service
Parsing build targets elapsed time: 0.008
Configure finished. The status for all the subphases that ran:
loadFromCache: return code = -3, elapsed time = 0
generateParseContent: return code = 0, elapsed time = 0.053
preprocessParseContent: return code = 0, elapsed time = 0
parseIntelliSense: return code = 0, elapsed time = 0.018
parseLaunch: return code = 0, elapsed time = 0.036
dryrunTargets: return code = 1, elapsed time = 0.179
parseTargets: return code = 0, elapsed time = 0.008
Configure succeeded.
Configure elapsed time: 0.34
